<?xml version="1.0" encoding="UTF-8" ?>
<testsuite errors="0" failures="0" hostname="Christophers-MacBook.local" name="com.develogical.crypto.ReverseCipherTest" tests="3" time="0.095" timestamp="2014-01-13T22:52:50">
  <properties>
[...]
</properties>
  <testcase classname="com.develogical.crypto.ReverseCipherTest" name="encodesStringReversingLetters" time="0.009" />
  <testcase classname="com.develogical.crypto.ReverseCipherTest" name="decodesStringSubstitutingLetters" time="0.0" />
  <testcase classname="com.develogical.crypto.ReverseCipherTest" name="decodesStringSubstitutingLettersFailed" time="0.0" />
  <system-out><![CDATA[]]></system-out>
  <system-err><![CDATA[]]></system-err>
</testsuite>
